<?xml version="1.0" encoding="UTF-8"?>
<!-- Generated by org.testng.reporters.JUnitReportReporter -->
<testsuite hostname="DESKTOP-7OQV29M" failures="0" tests="1" name="com.mvn.ScrollDemo" time="22.901" errors="0" timestamp="2024-08-20T15:47:14 IST" skipped="0">
  <testcase classname="com.mvn.ScrollDemo" name="Scroll" time="22.901"/>
</testsuite> <!-- com.mvn.ScrollDemo -->
