<?xml version="1.0" encoding="UTF-8"?>
<!-- Generated by org.testng.reporters.JUnitReportReporter -->
<testsuite hostname="DESKTOP-7OQV29M" failures="0" tests="1" name="com.mvn.LongPressDemo" time="24.881" errors="0" timestamp="2024-08-20T15:45:53 IST" skipped="0">
  <testcase classname="com.mvn.LongPressDemo" name="LongPress" time="24.881"/>
</testsuite> <!-- com.mvn.LongPressDemo -->
