<?xml version="1.0" encoding="UTF-8"?>
<!-- Generated by org.testng.reporters.JUnitReportReporter -->
<testsuite hostname="DESKTOP-7OQV29M" failures="0" tests="1" name="com.mvn.GroceryStoreBaseFile" time="55.574" errors="0" timestamp="2024-08-20T14:23:49 IST" skipped="0">
  <testcase classname="com.mvn.GroceryStoreBaseFile" name="functions" time="55.574"/>
</testsuite> <!-- com.mvn.GroceryStoreBaseFile -->
