<?xml version="1.0" encoding="UTF-8"?>
<!-- Generated by org.testng.reporters.JUnitReportReporter -->
<testsuite hostname="DESKTOP-7OQV29M" failures="0" tests="1" name="com.mvn.InstagramRegistration" time="34.919" errors="0" timestamp="2024-08-17T16:35:33 IST" skipped="0">
  <testcase classname="com.mvn.InstagramRegistration" name="test" time="34.919"/>
</testsuite> <!-- com.mvn.InstagramRegistration -->
