<?xml version="1.0" encoding="UTF-8"?>
<!-- Generated by org.testng.reporters.JUnitReportReporter -->
<testsuite hostname="DESKTOP-LO4NP08" failures="0" tests="1" name="com.mvn.WebDemo" time="93.610" errors="0" timestamp="2024-08-01T16:46:41 IST" skipped="0">
  <testcase classname="com.mvn.WebDemo" name="Q2" time="93.610"/>
</testsuite> <!-- com.mvn.WebDemo -->
