<?xml version="1.0" encoding="UTF-8"?>
<!-- Generated by org.testng.reporters.JUnitReportReporter -->
<testsuite hostname="DESKTOP-LO4NP08" failures="0" tests="1" name="com.mvn.Guru99Login" time="28.722" errors="0" timestamp="2024-08-03T09:46:44 IST" skipped="0">
  <testcase classname="com.mvn.Guru99Login" name="test" time="28.722"/>
</testsuite> <!-- com.mvn.Guru99Login -->
